0 info it worked if it ends with ok
1 verbose cli [ '/usr/local/bin/node',
1 verbose cli   '/usr/local/bin/npm',
1 verbose cli   'install',
1 verbose cli   '-g',
1 verbose cli   'functional-javascript-workshop@latest' ]
2 info using npm@1.4.28
3 info using node@v0.10.35
4 verbose cache add [ 'functional-javascript-workshop@latest', null ]
5 verbose cache add name=undefined spec="functional-javascript-workshop@latest" args=["functional-javascript-workshop@latest",null]
6 verbose parsed url { protocol: null,
6 verbose parsed url   slashes: null,
6 verbose parsed url   auth: null,
6 verbose parsed url   host: null,
6 verbose parsed url   port: null,
6 verbose parsed url   hostname: null,
6 verbose parsed url   hash: null,
6 verbose parsed url   search: null,
6 verbose parsed url   query: null,
6 verbose parsed url   pathname: 'functional-javascript-workshop@latest',
6 verbose parsed url   path: 'functional-javascript-workshop@latest',
6 verbose parsed url   href: 'functional-javascript-workshop@latest' }
7 verbose cache add name="functional-javascript-workshop" spec="latest" args=["functional-javascript-workshop","latest"]
8 verbose parsed url { protocol: null,
8 verbose parsed url   slashes: null,
8 verbose parsed url   auth: null,
8 verbose parsed url   host: null,
8 verbose parsed url   port: null,
8 verbose parsed url   hostname: null,
8 verbose parsed url   hash: null,
8 verbose parsed url   search: null,
8 verbose parsed url   query: null,
8 verbose parsed url   pathname: 'latest',
8 verbose parsed url   path: 'latest',
8 verbose parsed url   href: 'latest' }
9 verbose addNamed [ 'functional-javascript-workshop', 'latest' ]
10 verbose addNamed [ null, null ]
11 silly lockFile 47ac7295-ional-javascript-workshop-latest functional-javascript-workshop@latest
12 verbose lock functional-javascript-workshop@latest /Users/BensonHo/.npm/47ac7295-ional-javascript-workshop-latest.lock
13 info addNameTag [ 'functional-javascript-workshop', 'latest' ]
14 verbose request where is /functional-javascript-workshop
15 verbose request registry https://registry.npmjs.org/
16 verbose request id 2dc665606819ff3d
17 verbose url raw /functional-javascript-workshop
18 verbose url resolving [ 'https://registry.npmjs.org/',
18 verbose url resolving   './functional-javascript-workshop' ]
19 verbose url resolved https://registry.npmjs.org/functional-javascript-workshop
20 verbose request where is https://registry.npmjs.org/functional-javascript-workshop
21 info trying registry request attempt 1 at 22:30:34
22 http GET https://registry.npmjs.org/functional-javascript-workshop
23 http 200 https://registry.npmjs.org/functional-javascript-workshop
24 silly registry.get cb [ 200,
24 silly registry.get   { server: 'CouchDB/1.5.0 (Erlang OTP/R16B03)',
24 silly registry.get     etag: '"5IUPK6XWFBMZYP939LDJQZ464"',
24 silly registry.get     'content-type': 'application/json',
24 silly registry.get     'cache-control': 'max-age=60',
24 silly registry.get     'content-length': '30926',
24 silly registry.get     'accept-ranges': 'bytes',
24 silly registry.get     date: 'Thu, 21 May 2015 14:30:36 GMT',
24 silly registry.get     via: '1.1 varnish',
24 silly registry.get     age: '0',
24 silly registry.get     connection: 'keep-alive',
24 silly registry.get     'x-served-by': 'cache-hkg6827-HKG',
24 silly registry.get     'x-cache': 'MISS',
24 silly registry.get     'x-cache-hits': '0',
24 silly registry.get     'x-timer': 'S1432218635.502755,VS0,VE780',
24 silly registry.get     vary: 'Accept' } ]
25 verbose addNamed [ 'functional-javascript-workshop', '1.0.1' ]
26 verbose addNamed [ '1.0.1', '1.0.1' ]
27 silly lockFile e06d0e23-tional-javascript-workshop-1-0-1 functional-javascript-workshop@1.0.1
28 verbose lock functional-javascript-workshop@1.0.1 /Users/BensonHo/.npm/e06d0e23-tional-javascript-workshop-1-0-1.lock
29 silly lockFile 6ae27485-al-javascript-workshop-1-0-1-tgz https://registry.npmjs.org/functional-javascript-workshop/-/functional-javascript-workshop-1.0.1.tgz
30 verbose lock https://registry.npmjs.org/functional-javascript-workshop/-/functional-javascript-workshop-1.0.1.tgz /Users/BensonHo/.npm/6ae27485-al-javascript-workshop-1-0-1-tgz.lock
31 verbose addRemoteTarball [ 'https://registry.npmjs.org/functional-javascript-workshop/-/functional-javascript-workshop-1.0.1.tgz',
31 verbose addRemoteTarball   'c0f3c1943dedcaa3a97bb870010429cf026a50dc' ]
32 info retry fetch attempt 1 at 22:30:36
33 verbose fetch to= /var/folders/p3/jptfcj3n26d8jvcgxz8b_lmh0000gn/T/npm-25066--5_2B4ye/registry.npmjs.org/functional-javascript-workshop/-/functional-javascript-workshop-1.0.1.tgz
34 http GET https://registry.npmjs.org/functional-javascript-workshop/-/functional-javascript-workshop-1.0.1.tgz
35 http 200 https://registry.npmjs.org/functional-javascript-workshop/-/functional-javascript-workshop-1.0.1.tgz
36 silly lockFile 6ae27485-al-javascript-workshop-1-0-1-tgz https://registry.npmjs.org/functional-javascript-workshop/-/functional-javascript-workshop-1.0.1.tgz
37 silly lockFile 6ae27485-al-javascript-workshop-1-0-1-tgz https://registry.npmjs.org/functional-javascript-workshop/-/functional-javascript-workshop-1.0.1.tgz
38 silly lockFile e06d0e23-tional-javascript-workshop-1-0-1 functional-javascript-workshop@1.0.1
39 silly lockFile e06d0e23-tional-javascript-workshop-1-0-1 functional-javascript-workshop@1.0.1
40 silly lockFile 47ac7295-ional-javascript-workshop-latest functional-javascript-workshop@latest
41 silly lockFile 47ac7295-ional-javascript-workshop-latest functional-javascript-workshop@latest
42 silly resolved [ { name: 'functional-javascript-workshop',
42 silly resolved     version: '1.0.1',
42 silly resolved     description: 'The basics of functional programming in JavaScript. No libraries required.',
42 silly resolved     main: 'index.js',
42 silly resolved     bin:
42 silly resolved      { 'functional-javascript': 'functional-javascript.js',
42 silly resolved        'functional-javascript-workshop': 'functional-javascript.js' },
42 silly resolved     scripts: {},
42 silly resolved     keywords: [ 'workshopper', 'tutorial', 'lesson' ],
42 silly resolved     author: { name: 'Tim Oxley' },
42 silly resolved     license: 'MIT',
42 silly resolved     dependencies:
42 silly resolved      { 'deep-eql': '^0.1.3',
42 silly resolved        'lorem-ipsum': '^1.0.1',
42 silly resolved        workshopper: '^2.3.1',
42 silly resolved        'workshopper-exercise': '^2.3.0' },
42 silly resolved     repository:
42 silly resolved      { type: 'git',
42 silly resolved        url: 'git+https://github.com/timoxley/functional-javascript-workshop.git' },
42 silly resolved     bugs: { url: 'https://github.com/timoxley/functional-javascript-workshop/issues' },
42 silly resolved     homepage: 'https://github.com/timoxley/functional-javascript-workshop',
42 silly resolved     gitHead: '9beadbb1bea9f8a75b71df31300b311bce23b588',
42 silly resolved     _id: 'functional-javascript-workshop@1.0.1',
42 silly resolved     _shasum: 'c0f3c1943dedcaa3a97bb870010429cf026a50dc',
42 silly resolved     _from: 'functional-javascript-workshop@latest',
42 silly resolved     _npmVersion: '2.8.3',
42 silly resolved     _nodeVersion: '0.12.2',
42 silly resolved     _npmUser: { name: 'timoxley', email: 'secoif@gmail.com' },
42 silly resolved     maintainers: [ [Object] ],
42 silly resolved     dist:
42 silly resolved      { shasum: 'c0f3c1943dedcaa3a97bb870010429cf026a50dc',
42 silly resolved        tarball: 'http://registry.npmjs.org/functional-javascript-workshop/-/functional-javascript-workshop-1.0.1.tgz' },
42 silly resolved     directories: {},
42 silly resolved     _resolved: 'https://registry.npmjs.org/functional-javascript-workshop/-/functional-javascript-workshop-1.0.1.tgz' } ]
43 info install functional-javascript-workshop@1.0.1 into /usr/local/lib
44 info installOne functional-javascript-workshop@1.0.1
45 verbose lib/node_modules/functional-javascript-workshop unbuild
46 verbose tar unpack /Users/BensonHo/.npm/functional-javascript-workshop/1.0.1/package.tgz
47 silly lockFile 3330b005-s-functional-javascript-workshop tar:///usr/local/lib/node_modules/functional-javascript-workshop
48 verbose lock tar:///usr/local/lib/node_modules/functional-javascript-workshop /Users/BensonHo/.npm/3330b005-s-functional-javascript-workshop.lock
49 silly lockFile 8551caed-cript-workshop-1-0-1-package-tgz tar:///Users/BensonHo/.npm/functional-javascript-workshop/1.0.1/package.tgz
50 verbose lock tar:///Users/BensonHo/.npm/functional-javascript-workshop/1.0.1/package.tgz /Users/BensonHo/.npm/8551caed-cript-workshop-1-0-1-package-tgz.lock
51 silly gunzTarPerm modes [ '755', '644' ]
52 error Error: EACCES, mkdir '/usr/local/lib/node_modules/functional-javascript-workshop'
52 error  { [Error: EACCES, mkdir '/usr/local/lib/node_modules/functional-javascript-workshop']
52 error   errno: 3,
52 error   code: 'EACCES',
52 error   path: '/usr/local/lib/node_modules/functional-javascript-workshop',
52 error   fstream_type: 'Directory',
52 error   fstream_path: '/usr/local/lib/node_modules/functional-javascript-workshop',
52 error   fstream_class: 'DirWriter',
52 error   fstream_stack:
52 error    [ '/usr/local/lib/node_modules/npm/node_modules/fstream/lib/dir-writer.js:36:23',
52 error      '/usr/local/lib/node_modules/npm/node_modules/mkdirp/index.js:46:53',
52 error      'Object.oncomplete (fs.js:108:15)' ] }
53 error Please try running this command again as root/Administrator.
54 error System Darwin 14.0.0
55 error command "/usr/local/bin/node" "/usr/local/bin/npm" "install" "-g" "functional-javascript-workshop@latest"
56 error cwd /Users/BensonHo/Documents/website practice/projects/nodeSchool-functionaljavascript
57 error node -v v0.10.35
58 error npm -v 1.4.28
59 error path /usr/local/lib/node_modules/functional-javascript-workshop
60 error fstream_path /usr/local/lib/node_modules/functional-javascript-workshop
61 error fstream_type Directory
62 error fstream_class DirWriter
63 error code EACCES
64 error errno 3
65 error stack Error: EACCES, mkdir '/usr/local/lib/node_modules/functional-javascript-workshop'
66 error fstream_stack /usr/local/lib/node_modules/npm/node_modules/fstream/lib/dir-writer.js:36:23
66 error fstream_stack /usr/local/lib/node_modules/npm/node_modules/mkdirp/index.js:46:53
66 error fstream_stack Object.oncomplete (fs.js:108:15)
67 verbose exit [ 3, true ]
